have_library: checking for main() in -lcblas... -------------------- yes

"i686-pc-linux-gnu-gcc -o conftest -I. -I/usr/lib/ruby/1.8/i686-linux -I/home/br/Keyposes/archive/rb-gsl-1.10.3/ext  -D_FILE_OFFSET_BITS=64  -Wall -I../include -I/usr/include conftest.c  -L. -L/usr/lib -Wl,-R/usr/lib -L. -Wl,-O1 -rdynamic -Wl,-export-dynamic     -lruby18-static -lcblas  -lrt -ldl -lcrypt -lm   -lc"
checked program was:
/* begin */
1: /*top*/
2: int main() { return 0; }
3: int t() { void ((*volatile p)()); p = (void ((*)()))main; return 0; }
/* end */

--------------------

have_library: checking for main() in -latlas... -------------------- no

"i686-pc-linux-gnu-gcc -o conftest -I. -I/usr/lib/ruby/1.8/i686-linux -I/home/br/Keyposes/archive/rb-gsl-1.10.3/ext  -D_FILE_OFFSET_BITS=64  -Wall -I../include -I/usr/include conftest.c  -L. -L/usr/lib -Wl,-R/usr/lib -L. -Wl,-O1 -rdynamic -Wl,-export-dynamic    -lcblas  -lruby18-static -latlas -lcblas  -lrt -ldl -lcrypt -lm   -lc"
/usr/lib/gcc/i686-pc-linux-gnu/4.3.2/../../../../i686-pc-linux-gnu/bin/ld: cannot find -latlas
collect2: ld returned 1 exit status
checked program was:
/* begin */
1: /*top*/
2: int main() { return 0; }
3: int t() { void ((*volatile p)()); p = (void ((*)()))main; return 0; }
/* end */

"i686-pc-linux-gnu-gcc -o conftest -I. -I/usr/lib/ruby/1.8/i686-linux -I/home/br/Keyposes/archive/rb-gsl-1.10.3/ext  -D_FILE_OFFSET_BITS=64  -Wall -I../include -I/usr/include conftest.c  -L. -L/usr/lib -Wl,-R/usr/lib -L. -Wl,-O1 -rdynamic -Wl,-export-dynamic    -lcblas  -lruby18-static -latlas -lcblas  -lrt -ldl -lcrypt -lm   -lc"
/usr/lib/gcc/i686-pc-linux-gnu/4.3.2/../../../../i686-pc-linux-gnu/bin/ld: cannot find -latlas
collect2: ld returned 1 exit status
checked program was:
/* begin */
1: /*top*/
2: int main() { return 0; }
3: int t() { main(); return 0; }
/* end */

--------------------

have_func: checking for round()... -------------------- no

"i686-pc-linux-gnu-gcc -o conftest -I. -I/usr/lib/ruby/1.8/i686-linux -I/home/br/Keyposes/archive/rb-gsl-1.10.3/ext  -D_FILE_OFFSET_BITS=64  -Wall -I../include -I/usr/include conftest.c  -L. -L/usr/lib -Wl,-R/usr/lib -L. -Wl,-O1 -rdynamic -Wl,-export-dynamic    -L/usr/lib -lgsl -lgslcblas -lm -lcblas  -lruby18-static -lcblas  -lrt -ldl -lcrypt -lm   -lc"
conftest.c: In function 't':
conftest.c:3: error: 'round' undeclared (first use in this function)
conftest.c:3: error: (Each undeclared identifier is reported only once
conftest.c:3: error: for each function it appears in.)
checked program was:
/* begin */
1: /*top*/
2: int main() { return 0; }
3: int t() { void ((*volatile p)()); p = (void ((*)()))round; return 0; }
/* end */

"i686-pc-linux-gnu-gcc -o conftest -I. -I/usr/lib/ruby/1.8/i686-linux -I/home/br/Keyposes/archive/rb-gsl-1.10.3/ext  -D_FILE_OFFSET_BITS=64  -Wall -I../include -I/usr/include conftest.c  -L. -L/usr/lib -Wl,-R/usr/lib -L. -Wl,-O1 -rdynamic -Wl,-export-dynamic    -L/usr/lib -lgsl -lgslcblas -lm -lcblas  -lruby18-static -lcblas  -lrt -ldl -lcrypt -lm   -lc"
conftest.c: In function 't':
conftest.c:3: warning: implicit declaration of function 'round'
conftest.c:3: warning: incompatible implicit declaration of built-in function 'round'
conftest.c:3: error: too few arguments to function 'round'
checked program was:
/* begin */
1: /*top*/
2: int main() { return 0; }
3: int t() { round(); return 0; }
/* end */

--------------------

have_header: checking for rngextra/rngextra.h... -------------------- no

"i686-pc-linux-gnu-gcc -E -I. -I/usr/lib/ruby/1.8/i686-linux -I/home/br/Keyposes/archive/rb-gsl-1.10.3/ext  -D_FILE_OFFSET_BITS=64  -Wall -I../include -I/usr/include  conftest.c -o conftest.i"
conftest.c:1:31: error: rngextra/rngextra.h: No such file or directory
checked program was:
/* begin */
1: #include <rngextra/rngextra.h>
/* end */

--------------------

have_header: checking for qrngextra/qrngextra.h... -------------------- no

"i686-pc-linux-gnu-gcc -E -I. -I/usr/lib/ruby/1.8/i686-linux -I/home/br/Keyposes/archive/rb-gsl-1.10.3/ext  -D_FILE_OFFSET_BITS=64  -Wall -I../include -I/usr/include  conftest.c -o conftest.i"
conftest.c:1:33: error: qrngextra/qrngextra.h: No such file or directory
checked program was:
/* begin */
1: #include <qrngextra/qrngextra.h>
/* end */

--------------------

have_header: checking for ool/ool_version.h... -------------------- no

"i686-pc-linux-gnu-gcc -E -I. -I/usr/lib/ruby/1.8/i686-linux -I/home/br/Keyposes/archive/rb-gsl-1.10.3/ext  -D_FILE_OFFSET_BITS=64  -Wall -I../include -I/usr/include  conftest.c -o conftest.i"
conftest.c:1:29: error: ool/ool_version.h: No such file or directory
checked program was:
/* begin */
1: #include <ool/ool_version.h>
/* end */

--------------------

have_header: checking for gsl_tensor/gsl_tensor.h... -------------------- no

"i686-pc-linux-gnu-gcc -E -I. -I/usr/lib/ruby/1.8/i686-linux -I/home/br/Keyposes/archive/rb-gsl-1.10.3/ext  -D_FILE_OFFSET_BITS=64  -Wall -I../include -I/usr/include  conftest.c -o conftest.i"
conftest.c:1:35: error: gsl_tensor/gsl_tensor.h: No such file or directory
checked program was:
/* begin */
1: #include <gsl_tensor/gsl_tensor.h>
/* end */

--------------------

have_header: checking for jacobi.h... -------------------- no

"i686-pc-linux-gnu-gcc -E -I. -I/usr/lib/ruby/1.8/i686-linux -I/home/br/Keyposes/archive/rb-gsl-1.10.3/ext  -D_FILE_OFFSET_BITS=64  -Wall -I../include -I/usr/include  conftest.c -o conftest.i"
conftest.c:1:20: error: jacobi.h: No such file or directory
checked program was:
/* begin */
1: #include <jacobi.h>
/* end */

--------------------

have_header: checking for gsl/gsl_cqp.h... -------------------- no

"i686-pc-linux-gnu-gcc -E -I. -I/usr/lib/ruby/1.8/i686-linux -I/home/br/Keyposes/archive/rb-gsl-1.10.3/ext  -D_FILE_OFFSET_BITS=64  -Wall -I../include -I/usr/include  conftest.c -o conftest.i"
conftest.c:1:25: error: gsl/gsl_cqp.h: No such file or directory
checked program was:
/* begin */
1: #include <gsl/gsl_cqp.h>
/* end */

--------------------

have_header: checking for gsl/gsl_multimin_fsdf.h... -------------------- no

"i686-pc-linux-gnu-gcc -E -I. -I/usr/lib/ruby/1.8/i686-linux -I/home/br/Keyposes/archive/rb-gsl-1.10.3/ext  -D_FILE_OFFSET_BITS=64  -Wall -I../include -I/usr/include  conftest.c -o conftest.i"
conftest.c:1:35: error: gsl/gsl_multimin_fsdf.h: No such file or directory
checked program was:
/* begin */
1: #include <gsl/gsl_multimin_fsdf.h>
/* end */

--------------------

have_library: checking for gsl_poly_solve_quartic() in -lgsl... -------------------- no

"i686-pc-linux-gnu-gcc -o conftest -I. -I/usr/lib/ruby/1.8/i686-linux -I/home/br/Keyposes/archive/rb-gsl-1.10.3/ext  -D_FILE_OFFSET_BITS=64  -Wall -I../include -I/usr/include conftest.c  -L. -L/usr/lib -Wl,-R/usr/lib -L. -Wl,-O1 -rdynamic -Wl,-export-dynamic    -L/usr/lib -lgsl -lgslcblas -lm -lcblas  -lruby18-static -lgsl -lcblas  -lrt -ldl -lcrypt -lm   -lc"
conftest.c: In function 't':
conftest.c:3: error: 'gsl_poly_solve_quartic' undeclared (first use in this function)
conftest.c:3: error: (Each undeclared identifier is reported only once
conftest.c:3: error: for each function it appears in.)
checked program was:
/* begin */
1: /*top*/
2: int main() { return 0; }
3: int t() { void ((*volatile p)()); p = (void ((*)()))gsl_poly_solve_quartic; return 0; }
/* end */

"i686-pc-linux-gnu-gcc -o conftest -I. -I/usr/lib/ruby/1.8/i686-linux -I/home/br/Keyposes/archive/rb-gsl-1.10.3/ext  -D_FILE_OFFSET_BITS=64  -Wall -I../include -I/usr/include conftest.c  -L. -L/usr/lib -Wl,-R/usr/lib -L. -Wl,-O1 -rdynamic -Wl,-export-dynamic    -L/usr/lib -lgsl -lgslcblas -lm -lcblas  -lruby18-static -lgsl -lcblas  -lrt -ldl -lcrypt -lm   -lc"
conftest.c: In function 't':
conftest.c:3: warning: implicit declaration of function 'gsl_poly_solve_quartic'
/tmp/ccK3yIos.o: In function `t':
conftest.c:(.text+0x20): undefined reference to `gsl_poly_solve_quartic'
collect2: ld returned 1 exit status
checked program was:
/* begin */
1: /*top*/
2: int main() { return 0; }
3: int t() { gsl_poly_solve_quartic(); return 0; }
/* end */

--------------------

have_library: checking for gsl_eigen_francis() in -lgsl... -------------------- yes

"i686-pc-linux-gnu-gcc -o conftest -I. -I/usr/lib/ruby/1.8/i686-linux -I/home/br/Keyposes/archive/rb-gsl-1.10.3/ext  -D_FILE_OFFSET_BITS=64  -Wall -I../include -I/usr/include conftest.c  -L. -L/usr/lib -Wl,-R/usr/lib -L. -Wl,-O1 -rdynamic -Wl,-export-dynamic    -L/usr/lib -lgsl -lgslcblas -lm -lcblas  -lruby18-static -lgsl -lcblas  -lrt -ldl -lcrypt -lm   -lc"
conftest.c: In function 't':
conftest.c:3: error: 'gsl_eigen_francis' undeclared (first use in this function)
conftest.c:3: error: (Each undeclared identifier is reported only once
conftest.c:3: error: for each function it appears in.)
checked program was:
/* begin */
1: /*top*/
2: int main() { return 0; }
3: int t() { void ((*volatile p)()); p = (void ((*)()))gsl_eigen_francis; return 0; }
/* end */

"i686-pc-linux-gnu-gcc -o conftest -I. -I/usr/lib/ruby/1.8/i686-linux -I/home/br/Keyposes/archive/rb-gsl-1.10.3/ext  -D_FILE_OFFSET_BITS=64  -Wall -I../include -I/usr/include conftest.c  -L. -L/usr/lib -Wl,-R/usr/lib -L. -Wl,-O1 -rdynamic -Wl,-export-dynamic    -L/usr/lib -lgsl -lgslcblas -lm -lcblas  -lruby18-static -lgsl -lcblas  -lrt -ldl -lcrypt -lm   -lc"
conftest.c: In function 't':
conftest.c:3: warning: implicit declaration of function 'gsl_eigen_francis'
checked program was:
/* begin */
1: /*top*/
2: int main() { return 0; }
3: int t() { gsl_eigen_francis(); return 0; }
/* end */

--------------------

have_header: checking for ndlinear/gsl_multifit_ndlinear.h... -------------------- yes

"i686-pc-linux-gnu-gcc -E -I. -I/usr/lib/ruby/1.8/i686-linux -I/home/br/Keyposes/archive/rb-gsl-1.10.3/ext  -D_FILE_OFFSET_BITS=64  -Wall -I../include -I/usr/include  conftest.c -o conftest.i"
checked program was:
/* begin */
1: #include <ndlinear/gsl_multifit_ndlinear.h>
/* end */

--------------------

have_library: checking for main() in -lndlinear... -------------------- yes

"i686-pc-linux-gnu-gcc -o conftest -I. -I/usr/lib/ruby/1.8/i686-linux -I/home/br/Keyposes/archive/rb-gsl-1.10.3/ext  -D_FILE_OFFSET_BITS=64  -Wall -I../include -I/usr/include conftest.c  -L. -L/usr/lib -Wl,-R/usr/lib -L. -Wl,-O1 -rdynamic -Wl,-export-dynamic    -L/usr/lib -lgsl -lgslcblas -lm -lgsl -lcblas  -lruby18-static -lndlinear -lgsl -lcblas  -lrt -ldl -lcrypt -lm   -lc"
checked program was:
/* begin */
1: /*top*/
2: int main() { return 0; }
3: int t() { void ((*volatile p)()); p = (void ((*)()))main; return 0; }
/* end */

--------------------

find_executable: checking for graph... -------------------- yes

--------------------

have_header: checking for narray.h... -------------------- yes

"i686-pc-linux-gnu-gcc -E -I. -I/usr/lib/ruby/1.8/i686-linux -I/home/br/Keyposes/archive/rb-gsl-1.10.3/ext -I/usr/lib/ruby/site_ruby/1.8/i686-linux  -D_FILE_OFFSET_BITS=64  -Wall -I../include -I/usr/include  conftest.c -o conftest.i"
checked program was:
/* begin */
1: #include <narray.h>
/* end */

--------------------

have_header: checking for tamu_anova/tamu_anova.h... -------------------- no

"i686-pc-linux-gnu-gcc -E -I. -I/usr/lib/ruby/1.8/i686-linux -I/home/br/Keyposes/archive/rb-gsl-1.10.3/ext -I/usr/lib/ruby/site_ruby/1.8/i686-linux  -D_FILE_OFFSET_BITS=64  -Wall -I../include -I/usr/include  conftest.c -o conftest.i"
conftest.c:1:35: error: tamu_anova/tamu_anova.h: No such file or directory
checked program was:
/* begin */
1: #include <tamu_anova/tamu_anova.h>
/* end */

--------------------

have_library: checking for main() in -ltamuanova... -------------------- no

"i686-pc-linux-gnu-gcc -o conftest -I. -I/usr/lib/ruby/1.8/i686-linux -I/home/br/Keyposes/archive/rb-gsl-1.10.3/ext -I/usr/lib/ruby/site_ruby/1.8/i686-linux  -D_FILE_OFFSET_BITS=64  -Wall -I../include -I/usr/include conftest.c  -L. -L/usr/lib -Wl,-R/usr/lib -L/usr/lib/ruby/site_ruby/1.8/i686-linux -Wl,-R/usr/lib/ruby/site_ruby/1.8/i686-linux -L. -Wl,-O1 -rdynamic -Wl,-export-dynamic    -L/usr/lib -lgsl -lgslcblas -lm -lndlinear -lgsl -lcblas  -lruby18-static -ltamuanova -lndlinear -lgsl -lcblas  -lrt -ldl -lcrypt -lm   -lc"
/usr/lib/gcc/i686-pc-linux-gnu/4.3.2/../../../../i686-pc-linux-gnu/bin/ld: cannot find -ltamuanova
collect2: ld returned 1 exit status
checked program was:
/* begin */
1: /*top*/
2: int main() { return 0; }
3: int t() { void ((*volatile p)()); p = (void ((*)()))main; return 0; }
/* end */

"i686-pc-linux-gnu-gcc -o conftest -I. -I/usr/lib/ruby/1.8/i686-linux -I/home/br/Keyposes/archive/rb-gsl-1.10.3/ext -I/usr/lib/ruby/site_ruby/1.8/i686-linux  -D_FILE_OFFSET_BITS=64  -Wall -I../include -I/usr/include conftest.c  -L. -L/usr/lib -Wl,-R/usr/lib -L/usr/lib/ruby/site_ruby/1.8/i686-linux -Wl,-R/usr/lib/ruby/site_ruby/1.8/i686-linux -L. -Wl,-O1 -rdynamic -Wl,-export-dynamic    -L/usr/lib -lgsl -lgslcblas -lm -lndlinear -lgsl -lcblas  -lruby18-static -ltamuanova -lndlinear -lgsl -lcblas  -lrt -ldl -lcrypt -lm   -lc"
/usr/lib/gcc/i686-pc-linux-gnu/4.3.2/../../../../i686-pc-linux-gnu/bin/ld: cannot find -ltamuanova
collect2: ld returned 1 exit status
checked program was:
/* begin */
1: /*top*/
2: int main() { return 0; }
3: int t() { main(); return 0; }
/* end */

--------------------

